<?xml version="1.0" encoding="UTF-8"?>
<!-- Generated by org.testng.reporters.JUnitReportReporter -->
<testsuite hostname="DEVIL" failures="0" tests="1" name="com.Actitime.testscript.Login" time="0.007" errors="0" timestamp="2024-01-05T13:02:58 IST" skipped="0">
  <testcase classname="com.Actitime.testscript.Login" name="Customer" time="0.007"/>
  <system-out>
    <![CDATA[customer]]>
  </system-out>
</testsuite> <!-- com.Actitime.testscript.Login -->
